<?xml version="1.0" encoding="UTF-8"?>
<testsuite name="com.csky.iot.web.AliyunDeviceServiceTest" tests="16" skipped="0" failures="0" errors="0" timestamp="2017-12-21T08:25:40" hostname="DESKTOP-VG0BHG9" time="1.032">
  <properties/>
  <testcase name="aliyunDeviceStatusProTest1" classname="com.csky.iot.web.AliyunDeviceServiceTest" time="0.136"/>
  <testcase name="aliyunDeviceStatusProTest2" classname="com.csky.iot.web.AliyunDeviceServiceTest" time="0.031"/>
  <testcase name="aliyunDeviceStatusProTest3" classname="com.csky.iot.web.AliyunDeviceServiceTest" time="0.029"/>
  <testcase name="aliyunDeviceStatusProTest4" classname="com.csky.iot.web.AliyunDeviceServiceTest" time="0.023"/>
  <testcase name="aliyunDeviceStatusProTest5" classname="com.csky.iot.web.AliyunDeviceServiceTest" time="0.026"/>
  <testcase name="disableAliyunDeviceTest1" classname="com.csky.iot.web.AliyunDeviceServiceTest" time="0.083"/>
  <testcase name="enableAliyunDeviceTest10" classname="com.csky.iot.web.AliyunDeviceServiceTest" time="0.078"/>
  <testcase name="enableAliyunDeviceTest1" classname="com.csky.iot.web.AliyunDeviceServiceTest" time="0.025"/>
  <testcase name="enableAliyunDeviceTest2" classname="com.csky.iot.web.AliyunDeviceServiceTest" time="0.036"/>
  <testcase name="enableAliyunDeviceTest3" classname="com.csky.iot.web.AliyunDeviceServiceTest" time="0.057"/>
  <testcase name="enableAliyunDeviceTest4" classname="com.csky.iot.web.AliyunDeviceServiceTest" time="0.034"/>
  <testcase name="enableAliyunDeviceTest5" classname="com.csky.iot.web.AliyunDeviceServiceTest" time="0.027"/>
  <testcase name="enableAliyunDeviceTest6" classname="com.csky.iot.web.AliyunDeviceServiceTest" time="0.03"/>
  <testcase name="enableAliyunDeviceTest7" classname="com.csky.iot.web.AliyunDeviceServiceTest" time="0.052"/>
  <testcase name="enableAliyunDeviceTest8" classname="com.csky.iot.web.AliyunDeviceServiceTest" time="0.042"/>
  <testcase name="enableAliyunDeviceTest9" classname="com.csky.iot.web.AliyunDeviceServiceTest" time="0.072"/>
  <system-out><![CDATA[16:25:04.747 [Test worker] DEBUG org.springframework.test.context.junit4.SpringJUnit4ClassRunner - SpringJUnit4ClassRunner constructor called with [class com.csky.iot.web.AliyunDeviceServiceTest]
16:25:04.777 [Test worker] DEBUG org.springframework.test.context.BootstrapUtils - Instantiating CacheAwareContextLoaderDelegate from class [org.springframework.test.context.cache.DefaultCacheAwareContextLoaderDelegate]
16:25:04.804 [Test worker] DEBUG org.springframework.test.context.BootstrapUtils - Instantiating BootstrapContext using constructor [public org.springframework.test.context.support.DefaultBootstrapContext(java.lang.Class,org.springframework.test.context.CacheAwareContextLoaderDelegate)]
16:25:04.859 [Test worker] DEBUG org.springframework.test.context.BootstrapUtils - Instantiating TestContextBootstrapper for test class [com.csky.iot.web.AliyunDeviceServiceTest] from class [org.springframework.boot.test.context.SpringBootTestContextBootstrapper]
16:25:04.896 [Test worker] INFO org.springframework.boot.test.context.SpringBootTestContextBootstrapper - Neither @ContextConfiguration nor @ContextHierarchy found for test class [com.csky.iot.web.AliyunDeviceServiceTest], using SpringBootContextLoader
16:25:04.913 [Test worker] DEBUG org.springframework.test.context.support.AbstractContextLoader - Did not detect default resource location for test class [com.csky.iot.web.AliyunDeviceServiceTest]: class path resource [com/csky/iot/web/AliyunDeviceServiceTest-context.xml] does not exist
16:25:04.915 [Test worker] DEBUG org.springframework.test.context.support.AbstractContextLoader - Did not detect default resource location for test class [com.csky.iot.web.AliyunDeviceServiceTest]: class path resource [com/csky/iot/web/AliyunDeviceServiceTestContext.groovy] does not exist
16:25:04.916 [Test worker] INFO org.springframework.test.context.support.AbstractContextLoader - Could not detect default resource locations for test class [com.csky.iot.web.AliyunDeviceServiceTest]: no resource found for suffixes {-context.xml, Context.groovy}.
16:25:05.120 [Test worker] DEBUG org.springframework.test.context.support.ActiveProfilesUtils - Could not find an 'annotation declaring class' for annotation type [org.springframework.test.context.ActiveProfiles] and class [com.csky.iot.web.AliyunDeviceServiceTest]
16:25:05.220 [Test worker] DEBUG org.springframework.boot.test.context.SpringBootTestContextBootstrapper - @TestExecutionListeners is not present for class [com.csky.iot.web.AliyunDeviceServiceTest]: using defaults.
16:25:05.236 [Test worker] INFO org.springframework.boot.test.context.SpringBootTestContextBootstrapper - Loaded default TestExecutionListener class names from location [META-INF/spring.factories]: [org.springframework.test.context.web.ServletTestExecutionListener, org.springframework.test.context.support.DirtiesContextBeforeModesTestExecutionListener, org.springframework.test.context.support.DependencyInjectionTestExecutionListener, org.springframework.test.context.support.DirtiesContextTestExecutionListener, org.springframework.test.context.transaction.TransactionalTestExecutionListener, org.springframework.test.context.jdbc.SqlScriptsTestExecutionListener, org.springframework.boot.test.autoconfigure.restdocs.RestDocsTestExecutionListener, org.springframework.boot.test.autoconfigure.web.client.MockRestServiceServerResetTestExecutionListener, org.springframework.boot.test.autoconfigure.web.servlet.MockMvcPrintOnlyOnFailureTestExecutionListener, org.springframework.boot.test.autoconfigure.web.servlet.WebDriverTestExecutionListener, org.springframework.boot.test.mock.mockito.MockitoTestExecutionListener, org.springframework.boot.test.mock.mockito.ResetMocksTestExecutionListener]
16:25:05.305 [Test worker] INFO org.springframework.boot.test.context.SpringBootTestContextBootstrapper - Using TestExecutionListeners: [org.springframework.test.context.web.ServletTestExecutionListener@2ab59373, org.springframework.test.context.support.DirtiesContextBeforeModesTestExecutionListener@7825b4c5, org.springframework.boot.test.autoconfigure.SpringBootDependencyInjectionTestExecutionListener@527d49e3, org.springframework.test.context.support.DirtiesContextTestExecutionListener@5051d145, org.springframework.test.context.transaction.TransactionalTestExecutionListener@5679fe37, org.springframework.test.context.jdbc.SqlScriptsTestExecutionListener@32feba1, org.springframework.boot.test.autoconfigure.web.servlet.WebDriverTestExecutionListener@3ba59876, org.springframework.boot.test.autoconfigure.restdocs.RestDocsTestExecutionListener@65a0bdbe, org.springframework.boot.test.mock.mockito.ResetMocksTestExecutionListener@7cb16f7b, org.springframework.boot.test.autoconfigure.web.servlet.MockMvcPrintOnlyOnFailureTestExecutionListener@3ff1af, org.springframework.boot.test.mock.mockito.MockitoTestExecutionListener@174eaff6, org.springframework.boot.test.autoconfigure.web.client.MockRestServiceServerResetTestExecutionListener@77e3bdec]
16:25:05.315 [Test worker] DEBUG org.springframework.test.annotation.ProfileValueUtils - Retrieved @ProfileValueSourceConfiguration [null] for test class [com.csky.iot.web.AliyunDeviceServiceTest]
16:25:05.317 [Test worker] DEBUG org.springframework.test.annotation.ProfileValueUtils - Retrieved ProfileValueSource type [class org.springframework.test.annotation.SystemProfileValueSource] for class [com.csky.iot.web.AliyunDeviceServiceTest]
16:25:05.319 [Test worker] DEBUG org.springframework.test.annotation.ProfileValueUtils - Retrieved @ProfileValueSourceConfiguration [null] for test class [com.csky.iot.web.AliyunDeviceServiceTest]
16:25:05.320 [Test worker] DEBUG org.springframework.test.annotation.ProfileValueUtils - Retrieved ProfileValueSource type [class org.springframework.test.annotation.SystemProfileValueSource] for class [com.csky.iot.web.AliyunDeviceServiceTest]
16:25:05.356 [Test worker] DEBUG org.springframework.test.context.support.AbstractDirtiesContextTestExecutionListener - Before test class: context [DefaultTestContext@5c7c433f testClass = AliyunDeviceServiceTest, testInstance = [null], testMethod = [null], testException = [null], mergedContextConfiguration = [WebMergedContextConfiguration@6274174d testClass = AliyunDeviceServiceTest, locations = '{}', classes = '{class com.csky.iot.Application, class com.csky.iot.Application}', contextInitializerClasses = '[]', activeProfiles = '{}', propertySourceLocations = '{}', propertySourceProperties = '{org.springframework.boot.test.context.SpringBootTestContextBootstrapper=true}', contextCustomizers = set[org.springframework.test.context.web.socket.MockServerContainerContextCustomizer@56a51b3d, org.springframework.boot.test.autoconfigure.properties.PropertyMappingContextCustomizer@0, org.springframework.boot.test.autoconfigure.web.servlet.WebDriverContextCustomizerFactory$Customizer@31fc6379, org.springframework.boot.test.context.SpringBootTestContextCustomizer@4c743943, org.springframework.boot.test.context.filter.ExcludeFilterContextCustomizer@7541c738, org.springframework.boot.test.json.DuplicateJsonObjectContextCustomizerFactory$DuplicateJsonObjectContextCustomizer@2b9e5ad, org.springframework.boot.test.mock.mockito.MockitoContextCustomizer@0], resourceBasePath = 'src/main/webapp', contextLoader = 'org.springframework.boot.test.context.SpringBootContextLoader', parent = [null]]], class annotated with @DirtiesContext [false] with mode [null].
16:25:05.358 [Test worker] DEBUG org.springframework.test.annotation.ProfileValueUtils - Retrieved @ProfileValueSourceConfiguration [null] for test class [com.csky.iot.web.AliyunDeviceServiceTest]
16:25:05.360 [Test worker] DEBUG org.springframework.test.annotation.ProfileValueUtils - Retrieved ProfileValueSource type [class org.springframework.test.annotation.SystemProfileValueSource] for class [com.csky.iot.web.AliyunDeviceServiceTest]
16:25:06.245 [Test worker] DEBUG org.springframework.core.env.StandardEnvironment - Adding [systemProperties] PropertySource with lowest search precedence
16:25:06.246 [Test worker] DEBUG org.springframework.core.env.StandardEnvironment - Adding [systemEnvironment] PropertySource with lowest search precedence
16:25:06.246 [Test worker] DEBUG org.springframework.core.env.StandardEnvironment - Initialized StandardEnvironment with PropertySources [systemProperties,systemEnvironment]
16:25:06.250 [Test worker] DEBUG org.springframework.core.env.MutablePropertySources - Adding [inline] PropertySource with highest search precedence
16:25:06.274 [Test worker] DEBUG org.springframework.test.context.support.TestPropertySourceUtils - Adding inlined properties to environment: {spring.jmx.enabled=false, org.springframework.boot.test.context.SpringBootTestContextBootstrapper=true, server.port=-1}
16:25:06.276 [Test worker] DEBUG org.springframework.core.env.StandardEnvironment - Adding [Inlined Test Properties] PropertySource with highest search precedence
2017-12-21 16:25:09.450 [Test worker] INFO  o.s.c.a.AnnotationConfigApplicationContext - Refreshing org.springframework.context.annotation.AnnotationConfigApplicationContext@33e2bbb9: startup date [Thu Dec 21 16:25:09 CST 2017]; root of context hierarchy
2017-12-21 16:25:10.310 [background-preinit] INFO  org.hibernate.validator.internal.util.Version - HV000001: Hibernate Validator 5.3.5.Final
2017-12-21 16:25:10.622 [Test worker] INFO  o.s.b.f.a.AutowiredAnnotationBeanPostProcessor - JSR-330 'javax.inject.Inject' annotation found and supported for autowiring
2017-12-21 16:25:10.749 [Test worker] INFO  o.s.c.s.PostProcessorRegistrationDelegate$BeanPostProcessorChecker - Bean 'configurationPropertiesRebinderAutoConfiguration' of type [org.springframework.cloud.autoconfigure.ConfigurationPropertiesRebinderAutoConfiguration$$EnhancerBySpringCGLIB$$8bd77e30] is not eligible for getting processed by all BeanPostProcessors (for example: not eligible for auto-proxying)
2017-12-21 16:25:11.973 [Test worker] INFO  o.s.cloud.netflix.eureka.InstanceInfoFactory - Setting initial instance status as: STARTING
2017-12-21 16:25:12.312 [Test worker] INFO  com.netflix.discovery.DiscoveryClient - Initializing Eureka in region us-east-1
2017-12-21 16:25:12.944 [Test worker] INFO  c.n.discovery.provider.DiscoveryJerseyProvider - Using JSON encoding codec LegacyJacksonJson
2017-12-21 16:25:12.945 [Test worker] INFO  c.n.discovery.provider.DiscoveryJerseyProvider - Using JSON decoding codec LegacyJacksonJson
2017-12-21 16:25:13.368 [Test worker] INFO  c.n.discovery.provider.DiscoveryJerseyProvider - Using XML encoding codec XStreamXml
2017-12-21 16:25:13.368 [Test worker] INFO  c.n.discovery.provider.DiscoveryJerseyProvider - Using XML decoding codec XStreamXml
2017-12-21 16:25:13.874 [Test worker] INFO  c.n.d.shared.resolver.aws.ConfigClusterResolver - Resolving eureka endpoints via configuration
2017-12-21 16:25:14.052 [Test worker] INFO  com.netflix.discovery.DiscoveryClient - Disable delta property : false
2017-12-21 16:25:14.053 [Test worker] INFO  com.netflix.discovery.DiscoveryClient - Single vip registry refresh property : null
2017-12-21 16:25:14.053 [Test worker] INFO  com.netflix.discovery.DiscoveryClient - Force full registry fetch : false
2017-12-21 16:25:14.054 [Test worker] INFO  com.netflix.discovery.DiscoveryClient - Application is null : false
2017-12-21 16:25:14.054 [Test worker] INFO  com.netflix.discovery.DiscoveryClient - Registered Applications size is zero : true
2017-12-21 16:25:14.055 [Test worker] INFO  com.netflix.discovery.DiscoveryClient - Application version is -1: true
2017-12-21 16:25:14.058 [Test worker] INFO  com.netflix.discovery.DiscoveryClient - Getting all instance registry info from the eureka server
2017-12-21 16:25:14.624 [Test worker] INFO  com.netflix.discovery.DiscoveryClient - The response status is 200
2017-12-21 16:25:14.629 [Test worker] INFO  com.netflix.discovery.DiscoveryClient - Not registering with Eureka server per configuration
2017-12-21 16:25:14.638 [Test worker] INFO  com.netflix.discovery.DiscoveryClient - Discovery Client initialized at timestamp 1513844714638 with initial instances count: 7

  .   ____          _            __ _ _
 /\\ / ___'_ __ _ _(_)_ __  __ _ \ \ \ \
( ( )\___ | '_ | '_| | '_ \/ _` | \ \ \ \
 \\/  ___)| |_)| | | | | || (_| |  ) ) ) )
  '  |____| .__|_| |_|_| |_\__, | / / / /
 =========|_|==============|___/=/_/_/_/
 :: Spring Boot ::        (v1.5.6.RELEASE)

2017-12-21 16:25:16.219 [Test worker] INFO  o.s.c.c.client.ConfigServicePropertySourceLocator - Fetching config from server at: http://192.168.168.23:8888/
2017-12-21 16:25:21.727 [Test worker] INFO  o.s.c.c.client.ConfigServicePropertySourceLocator - Located environment: name=cop-console, profiles=[dev], label=v1.0.4, version=94fc038a8804722422686e515f3c024cce37ad37, state=null
2017-12-21 16:25:21.729 [Test worker] INFO  o.s.c.b.c.PropertySourceBootstrapConfiguration - Located property source: CompositePropertySource [name='configService', propertySources=[MapPropertySource [name='configClient'], MapPropertySource [name='https://code.aliyun.com/c-sky/cop-config-repo.git/cop-console-dev.yml']]]
2017-12-21 16:25:21.753 [Test worker] INFO  com.csky.iot.web.AliyunDeviceServiceTest - The following profiles are active: dev
2017-12-21 16:25:21.762 [Test worker] INFO  o.s.w.context.support.GenericWebApplicationContext - Refreshing org.springframework.web.context.support.GenericWebApplicationContext@5febeeca: startup date [Thu Dec 21 16:25:21 CST 2017]; parent: org.springframework.context.annotation.AnnotationConfigApplicationContext@33e2bbb9
2017-12-21 16:25:24.463 [Test worker] INFO  o.s.d.r.config.RepositoryConfigurationDelegate - Multiple Spring Data modules found, entering strict repository configuration mode!
2017-12-21 16:25:24.779 [Test worker] INFO  o.s.d.r.config.RepositoryConfigurationDelegate - Multiple Spring Data modules found, entering strict repository configuration mode!
2017-12-21 16:25:24.929 [Test worker] INFO  o.s.d.r.c.RepositoryConfigurationExtensionSupport - Spring Data Redis - Could not safely identify store assignment for repository candidate interface com.csky.iot.console.dao.DeviceOneNetRepository.
2017-12-21 16:25:24.932 [Test worker] INFO  o.s.d.r.c.RepositoryConfigurationExtensionSupport - Spring Data Redis - Could not safely identify store assignment for repository candidate interface com.csky.iot.console.dao.LicenseRepository.
2017-12-21 16:25:24.933 [Test worker] INFO  o.s.d.r.c.RepositoryConfigurationExtensionSupport - Spring Data Redis - Could not safely identify store assignment for repository candidate interface com.csky.iot.console.dao.DeviceRepository.
2017-12-21 16:25:24.936 [Test worker] INFO  o.s.d.r.c.RepositoryConfigurationExtensionSupport - Spring Data Redis - Could not safely identify store assignment for repository candidate interface com.csky.iot.console.dao.ProductOneNetRepository.
2017-12-21 16:25:24.938 [Test worker] INFO  o.s.d.r.c.RepositoryConfigurationExtensionSupport - Spring Data Redis - Could not safely identify store assignment for repository candidate interface com.csky.iot.console.dao.LicenseCidRepository.
2017-12-21 16:25:24.940 [Test worker] INFO  o.s.d.r.c.RepositoryConfigurationExtensionSupport - Spring Data Redis - Could not safely identify store assignment for repository candidate interface com.csky.iot.console.dao.ProductAliyunRepository.
2017-12-21 16:25:24.941 [Test worker] INFO  o.s.d.r.c.RepositoryConfigurationExtensionSupport - Spring Data Redis - Could not safely identify store assignment for repository candidate interface com.csky.iot.console.dao.ProductRepository.
2017-12-21 16:25:25.722 [Test worker] INFO  o.springframework.cloud.context.scope.GenericScope - BeanFactory id=efa3eb57-47e9-3a83-8ea3-ac6a37550c7b
2017-12-21 16:25:25.895 [Test worker] INFO  o.s.b.f.a.AutowiredAnnotationBeanPostProcessor - JSR-330 'javax.inject.Inject' annotation found and supported for autowiring
2017-12-21 16:25:25.983 [Test worker] INFO  o.s.c.s.PostProcessorRegistrationDelegate$BeanPostProcessorChecker - Bean 'taskExecutorConfig' of type [com.csky.iot.console.service.config.TaskExecutorConfig$$EnhancerBySpringCGLIB$$5bf68deb] is not eligible for getting processed by all BeanPostProcessors (for example: not eligible for auto-proxying)
2017-12-21 16:25:25.989 [Test worker] INFO  o.s.scheduling.concurrent.ThreadPoolTaskScheduler - Initializing ExecutorService 
2017-12-21 16:25:26.366 [Test worker] INFO  o.s.c.s.PostProcessorRegistrationDelegate$BeanPostProcessorChecker - Bean 'org.springframework.transaction.annotation.ProxyTransactionManagementConfiguration' of type [org.springframework.transaction.annotation.ProxyTransactionManagementConfiguration$$EnhancerBySpringCGLIB$$6fbd7b33] is not eligible for getting processed by all BeanPostProcessors (for example: not eligible for auto-proxying)
2017-12-21 16:25:26.885 [Test worker] INFO  o.s.c.s.PostProcessorRegistrationDelegate$BeanPostProcessorChecker - Bean 'org.springframework.cloud.netflix.metrics.MetricsInterceptorConfiguration$MetricsRestTemplateConfiguration' of type [org.springframework.cloud.netflix.metrics.MetricsInterceptorConfiguration$MetricsRestTemplateConfiguration$$EnhancerBySpringCGLIB$$a1ea2174] is not eligible for getting processed by all BeanPostProcessors (for example: not eligible for auto-proxying)
2017-12-21 16:25:26.928 [Test worker] INFO  o.s.c.s.PostProcessorRegistrationDelegate$BeanPostProcessorChecker - Bean 'org.springframework.cloud.autoconfigure.ConfigurationPropertiesRebinderAutoConfiguration' of type [org.springframework.cloud.autoconfigure.ConfigurationPropertiesRebinderAutoConfiguration$$EnhancerBySpringCGLIB$$8bd77e30] is not eligible for getting processed by all BeanPostProcessors (for example: not eligible for auto-proxying)
2017-12-21 16:25:27.761 [Test worker] INFO  com.alibaba.druid.pool.DruidDataSource - {dataSource-1} inited
2017-12-21 16:25:28.553 [Test worker] INFO  o.s.orm.jpa.LocalContainerEntityManagerFactoryBean - Building JPA container EntityManagerFactory for persistence unit 'default'
2017-12-21 16:25:28.605 [Test worker] INFO  org.hibernate.jpa.internal.util.LogHelper - HHH000204: Processing PersistenceUnitInfo [
	name: default
	...]
2017-12-21 16:25:28.856 [Test worker] INFO  org.hibernate.Version - HHH000412: Hibernate Core {5.0.12.Final}
2017-12-21 16:25:28.861 [Test worker] INFO  org.hibernate.cfg.Environment - HHH000206: hibernate.properties not found
2017-12-21 16:25:28.867 [Test worker] INFO  org.hibernate.cfg.Environment - HHH000021: Bytecode provider name : javassist
2017-12-21 16:25:29.038 [Test worker] INFO  org.hibernate.annotations.common.Version - HCANN000001: Hibernate Commons Annotations {5.0.1.Final}
2017-12-21 16:25:29.767 [Test worker] INFO  org.hibernate.dialect.Dialect - HHH000400: Using dialect: org.hibernate.dialect.MySQL5Dialect
2017-12-21 16:25:31.064 [Test worker] INFO  o.s.orm.jpa.LocalContainerEntityManagerFactoryBean - Initialized JPA EntityManagerFactory for persistence unit 'default'
2017-12-21 16:25:32.646 [Test worker] INFO  o.s.scheduling.concurrent.ThreadPoolTaskExecutor - Initializing ExecutorService  'clientInboundChannelExecutor'
2017-12-21 16:25:32.673 [Test worker] INFO  o.s.scheduling.concurrent.ThreadPoolTaskExecutor - Initializing ExecutorService  'clientOutboundChannelExecutor'
2017-12-21 16:25:33.184 [Test worker] INFO  o.s.scheduling.concurrent.ThreadPoolTaskScheduler - Initializing ExecutorService 
2017-12-21 16:25:33.195 [Test worker] INFO  o.s.scheduling.concurrent.ThreadPoolTaskScheduler - Initializing ExecutorService  'task-scheduler'
2017-12-21 16:25:33.227 [Test worker] INFO  o.s.scheduling.concurrent.ThreadPoolTaskScheduler - Initializing ExecutorService  'messageBrokerTaskScheduler'
2017-12-21 16:25:33.359 [Test worker] INFO  o.s.w.s.server.support.WebSocketHandlerMapping - Mapped URL path [/api/device/console/**] onto handler of type [class org.springframework.web.socket.sockjs.support.SockJsHttpRequestHandler]
2017-12-21 16:25:33.386 [Test worker] INFO  o.s.scheduling.concurrent.ThreadPoolTaskExecutor - Initializing ExecutorService  'brokerChannelExecutor'
2017-12-21 16:25:33.816 [Test worker] INFO  o.s.w.s.m.WebSocketAnnotationMethodMessageHandler - Mapped "{[/devEnable],messageType=[MESSAGE]}" onto public void com.csky.iot.console.web.ConsoleController.devEnable(com.csky.iot.console.web.vo.DeviceVO)
2017-12-21 16:25:33.818 [Test worker] INFO  o.s.w.s.m.WebSocketAnnotationMethodMessageHandler - Mapped "{[/sendMessage],messageType=[MESSAGE]}" onto public void com.csky.iot.console.web.ConsoleController.sendMessage(com.csky.iot.console.web.vo.SendMessageVO)
2017-12-21 16:25:35.206 [Test worker] WARN  com.netflix.config.sources.URLConfigurationSource - No URLs will be polled as dynamic configuration sources.
2017-12-21 16:25:35.208 [Test worker] INFO  com.netflix.config.sources.URLConfigurationSource - To enable URLs as dynamic configuration sources, define System property archaius.configurationSource.additionalUrls or make config.properties available on classpath.
2017-12-21 16:25:35.230 [Test worker] WARN  com.netflix.config.sources.URLConfigurationSource - No URLs will be polled as dynamic configuration sources.
2017-12-21 16:25:35.231 [Test worker] INFO  com.netflix.config.sources.URLConfigurationSource - To enable URLs as dynamic configuration sources, define System property archaius.configurationSource.additionalUrls or make config.properties available on classpath.
2017-12-21 16:25:35.739 [Test worker] INFO  o.s.w.s.m.m.a.RequestMappingHandlerAdapter - Looking for @ControllerAdvice: org.springframework.web.context.support.GenericWebApplicationContext@5febeeca: startup date [Thu Dec 21 16:25:21 CST 2017]; parent: org.springframework.context.annotation.AnnotationConfigApplicationContext@33e2bbb9
2017-12-21 16:25:36.052 [Test worker] INFO  o.s.w.s.m.m.a.RequestMappingHandlerMapping - Mapped "{[/error]}" onto public org.springframework.http.ResponseEntity<java.util.Map<java.lang.String, java.lang.Object>> org.springframework.boot.autoconfigure.web.BasicErrorController.error(javax.servlet.http.HttpServletRequest)
2017-12-21 16:25:36.054 [Test worker] INFO  o.s.w.s.m.m.a.RequestMappingHandlerMapping - Mapped "{[/error],produces=[text/html]}" onto public org.springframework.web.servlet.ModelAndView org.springframework.boot.autoconfigure.web.BasicErrorController.errorHtml(javax.servlet.http.HttpServletRequest,javax.servlet.http.HttpServletResponse)
2017-12-21 16:25:36.128 [Test worker] INFO  o.s.web.servlet.handler.SimpleUrlHandlerMapping - Mapped URL path [/webjars/**] onto handler of type [class org.springframework.web.servlet.resource.ResourceHttpRequestHandler]
2017-12-21 16:25:36.128 [Test worker] INFO  o.s.web.servlet.handler.SimpleUrlHandlerMapping - Mapped URL path [/**] onto handler of type [class org.springframework.web.servlet.resource.ResourceHttpRequestHandler]
2017-12-21 16:25:36.170 [Test worker] INFO  o.s.w.s.m.m.a.ExceptionHandlerExceptionResolver - Detected @ExceptionHandler methods in globalExceptionHandler
2017-12-21 16:25:36.237 [Test worker] INFO  o.s.web.servlet.handler.SimpleUrlHandlerMapping - Mapped URL path [/**/favicon.ico] onto handler of type [class org.springframework.web.servlet.resource.ResourceHttpRequestHandler]
2017-12-21 16:25:37.577 [Test worker] INFO  o.s.b.actuate.endpoint.mvc.EndpointHandlerMapping - Mapped "{[/admin/health || /admin/health.json],methods=[GET],produces=[application/vnd.spring-boot.actuator.v1+json || application/json]}" onto public java.lang.Object org.springframework.boot.actuate.endpoint.mvc.HealthMvcEndpoint.invoke(javax.servlet.http.HttpServletRequest,java.security.Principal)
2017-12-21 16:25:37.580 [Test worker] INFO  o.s.b.actuate.endpoint.mvc.EndpointHandlerMapping - Mapped "{[/admin/metrics/{name:.*}],methods=[GET],produces=[application/vnd.spring-boot.actuator.v1+json || application/json]}" onto public java.lang.Object org.springframework.boot.actuate.endpoint.mvc.MetricsMvcEndpoint.value(java.lang.String)
2017-12-21 16:25:37.580 [Test worker] INFO  o.s.b.actuate.endpoint.mvc.EndpointHandlerMapping - Mapped "{[/admin/metrics || /admin/metrics.json],methods=[GET],produces=[application/vnd.spring-boot.actuator.v1+json || application/json]}" onto public java.lang.Object org.springframework.boot.actuate.endpoint.mvc.EndpointMvcAdapter.invoke()
2017-12-21 16:25:37.581 [Test worker] INFO  o.s.b.actuate.endpoint.mvc.EndpointHandlerMapping - Mapped "{[/admin/service-registry/instance-status],methods=[GET]}" onto public org.springframework.http.ResponseEntity org.springframework.cloud.client.serviceregistry.endpoint.ServiceRegistryEndpoint.getStatus()
2017-12-21 16:25:37.582 [Test worker] INFO  o.s.b.actuate.endpoint.mvc.EndpointHandlerMapping - Mapped "{[/admin/service-registry/instance-status],methods=[POST]}" onto public org.springframework.http.ResponseEntity<?> org.springframework.cloud.client.serviceregistry.endpoint.ServiceRegistryEndpoint.setStatus(java.lang.String)
2017-12-21 16:25:37.583 [Test worker] INFO  o.s.b.actuate.endpoint.mvc.EndpointHandlerMapping - Mapped "{[/admin/autoconfig || /admin/autoconfig.json],methods=[GET],produces=[application/vnd.spring-boot.actuator.v1+json || application/json]}" onto public java.lang.Object org.springframework.boot.actuate.endpoint.mvc.EndpointMvcAdapter.invoke()
2017-12-21 16:25:37.588 [Test worker] INFO  o.s.b.actuate.endpoint.mvc.EndpointHandlerMapping - Mapped "{[/admin/pause || /admin/pause.json],methods=[POST]}" onto public java.lang.Object org.springframework.cloud.endpoint.GenericPostableMvcEndpoint.invoke()
2017-12-21 16:25:37.590 [Test worker] INFO  o.s.b.actuate.endpoint.mvc.EndpointHandlerMapping - Mapped "{[/admin/env/{name:.*}],methods=[GET],produces=[application/vnd.spring-boot.actuator.v1+json || application/json]}" onto public java.lang.Object org.springframework.boot.actuate.endpoint.mvc.EnvironmentMvcEndpoint.value(java.lang.String)
2017-12-21 16:25:37.591 [Test worker] INFO  o.s.b.actuate.endpoint.mvc.EndpointHandlerMapping - Mapped "{[/admin/env || /admin/env.json],methods=[GET],produces=[application/vnd.spring-boot.actuator.v1+json || application/json]}" onto public java.lang.Object org.springframework.boot.actuate.endpoint.mvc.EndpointMvcAdapter.invoke()
2017-12-21 16:25:37.593 [Test worker] INFO  o.s.b.actuate.endpoint.mvc.EndpointHandlerMapping - Mapped "{[/admin/restart || /admin/restart.json],methods=[POST]}" onto public java.lang.Object org.springframework.cloud.context.restart.RestartMvcEndpoint.invoke()
2017-12-21 16:25:37.594 [Test worker] INFO  o.s.b.actuate.endpoint.mvc.EndpointHandlerMapping - Mapped "{[/admin/configprops || /admin/configprops.json],methods=[GET],produces=[application/vnd.spring-boot.actuator.v1+json || application/json]}" onto public java.lang.Object org.springframework.boot.actuate.endpoint.mvc.EndpointMvcAdapter.invoke()
2017-12-21 16:25:37.600 [Test worker] INFO  o.s.b.actuate.endpoint.mvc.EndpointHandlerMapping - Mapped "{[/admin/archaius || /admin/archaius.json],methods=[GET],produces=[application/vnd.spring-boot.actuator.v1+json || application/json]}" onto public java.lang.Object org.springframework.boot.actuate.endpoint.mvc.EndpointMvcAdapter.invoke()
2017-12-21 16:25:37.608 [Test worker] INFO  o.s.b.actuate.endpoint.mvc.EndpointHandlerMapping - Mapped "{[/admin/loggers/{name:.*}],methods=[GET],produces=[application/vnd.spring-boot.actuator.v1+json || application/json]}" onto public java.lang.Object org.springframework.boot.actuate.endpoint.mvc.LoggersMvcEndpoint.get(java.lang.String)
2017-12-21 16:25:37.609 [Test worker] INFO  o.s.b.actuate.endpoint.mvc.EndpointHandlerMapping - Mapped "{[/admin/loggers/{name:.*}],methods=[POST],consumes=[application/vnd.spring-boot.actuator.v1+json || application/json],produces=[application/vnd.spring-boot.actuator.v1+json || application/json]}" onto public java.lang.Object org.springframework.boot.actuate.endpoint.mvc.LoggersMvcEndpoint.set(java.lang.String,java.util.Map<java.lang.String, java.lang.String>)
2017-12-21 16:25:37.611 [Test worker] INFO  o.s.b.actuate.endpoint.mvc.EndpointHandlerMapping - Mapped "{[/admin/loggers || /admin/loggers.json],methods=[GET],produces=[application/vnd.spring-boot.actuator.v1+json || application/json]}" onto public java.lang.Object org.springframework.boot.actuate.endpoint.mvc.EndpointMvcAdapter.invoke()
2017-12-21 16:25:37.612 [Test worker] INFO  o.s.b.actuate.endpoint.mvc.EndpointHandlerMapping - Mapped "{[/admin/features || /admin/features.json],methods=[GET],produces=[application/vnd.spring-boot.actuator.v1+json || application/json]}" onto public java.lang.Object org.springframework.boot.actuate.endpoint.mvc.EndpointMvcAdapter.invoke()
2017-12-21 16:25:37.614 [Test worker] INFO  o.s.b.actuate.endpoint.mvc.EndpointHandlerMapping - Mapped "{[/admin/mappings || /admin/mappings.json],methods=[GET],produces=[application/vnd.spring-boot.actuator.v1+json || application/json]}" onto public java.lang.Object org.springframework.boot.actuate.endpoint.mvc.EndpointMvcAdapter.invoke()
2017-12-21 16:25:37.615 [Test worker] INFO  o.s.b.actuate.endpoint.mvc.EndpointHandlerMapping - Mapped "{[/admin/refresh || /admin/refresh.json],methods=[POST]}" onto public java.lang.Object org.springframework.cloud.endpoint.GenericPostableMvcEndpoint.invoke()
2017-12-21 16:25:37.616 [Test worker] INFO  o.s.b.actuate.endpoint.mvc.EndpointHandlerMapping - Mapped "{[/admin/trace || /admin/trace.json],methods=[GET],produces=[application/vnd.spring-boot.actuator.v1+json || application/json]}" onto public java.lang.Object org.springframework.boot.actuate.endpoint.mvc.EndpointMvcAdapter.invoke()
2017-12-21 16:25:37.618 [Test worker] INFO  o.s.b.actuate.endpoint.mvc.EndpointHandlerMapping - Mapped "{[/admin/auditevents || /admin/auditevents.json],methods=[GET],produces=[application/vnd.spring-boot.actuator.v1+json || application/json]}" onto public org.springframework.http.ResponseEntity<?> org.springframework.boot.actuate.endpoint.mvc.AuditEventsMvcEndpoint.findByPrincipalAndAfterAndType(java.lang.String,java.util.Date,java.lang.String)
2017-12-21 16:25:37.623 [Test worker] INFO  o.s.b.actuate.endpoint.mvc.EndpointHandlerMapping - Mapped "{[/admin/resume || /admin/resume.json],methods=[POST]}" onto public java.lang.Object org.springframework.cloud.endpoint.GenericPostableMvcEndpoint.invoke()
2017-12-21 16:25:37.626 [Test worker] INFO  o.s.b.actuate.endpoint.mvc.EndpointHandlerMapping - Mapped "{[/admin/beans || /admin/beans.json],methods=[GET],produces=[application/vnd.spring-boot.actuator.v1+json || application/json]}" onto public java.lang.Object org.springframework.boot.actuate.endpoint.mvc.EndpointMvcAdapter.invoke()
2017-12-21 16:25:37.628 [Test worker] INFO  o.s.b.actuate.endpoint.mvc.EndpointHandlerMapping - Mapped "{[/admin/env],methods=[POST]}" onto public java.lang.Object org.springframework.cloud.context.environment.EnvironmentManagerMvcEndpoint.value(java.util.Map<java.lang.String, java.lang.String>)
2017-12-21 16:25:37.628 [Test worker] INFO  o.s.b.actuate.endpoint.mvc.EndpointHandlerMapping - Mapped "{[/admin/env/reset],methods=[POST]}" onto public java.util.Map<java.lang.String, java.lang.Object> org.springframework.cloud.context.environment.EnvironmentManagerMvcEndpoint.reset()
2017-12-21 16:25:37.630 [Test worker] INFO  o.s.b.actuate.endpoint.mvc.EndpointHandlerMapping - Mapped "{[/admin/heapdump || /admin/heapdump.json],methods=[GET],produces=[application/octet-stream]}" onto public void org.springframework.boot.actuate.endpoint.mvc.HeapdumpMvcEndpoint.invoke(boolean,javax.servlet.http.HttpServletRequest,javax.servlet.http.HttpServletResponse) throws java.io.IOException,javax.servlet.ServletException
2017-12-21 16:25:37.635 [Test worker] INFO  o.s.b.actuate.endpoint.mvc.EndpointHandlerMapping - Mapped "{[/admin/dump || /admin/dump.json],methods=[GET],produces=[application/vnd.spring-boot.actuator.v1+json || application/json]}" onto public java.lang.Object org.springframework.boot.actuate.endpoint.mvc.EndpointMvcAdapter.invoke()
2017-12-21 16:25:37.636 [Test worker] INFO  o.s.b.actuate.endpoint.mvc.EndpointHandlerMapping - Mapped "{[/admin/info || /admin/info.json],methods=[GET],produces=[application/vnd.spring-boot.actuator.v1+json || application/json]}" onto public java.lang.Object org.springframework.boot.actuate.endpoint.mvc.EndpointMvcAdapter.invoke()
2017-12-21 16:25:38.454 [Test worker] INFO  com.netflix.discovery.DiscoveryClient - Shutting down DiscoveryClient ...
2017-12-21 16:25:38.473 [Test worker] INFO  com.netflix.discovery.DiscoveryClient - Completed shut down of DiscoveryClient
2017-12-21 16:25:39.178 [Test worker] INFO  o.s.context.support.DefaultLifecycleProcessor - Starting beans in phase 0
2017-12-21 16:25:39.194 [Test worker] INFO  o.s.cloud.netflix.eureka.InstanceInfoFactory - Setting initial instance status as: STARTING
2017-12-21 16:25:39.219 [Test worker] INFO  com.netflix.discovery.DiscoveryClient - Initializing Eureka in region us-east-1
2017-12-21 16:25:39.227 [Test worker] INFO  c.n.discovery.provider.DiscoveryJerseyProvider - Using JSON encoding codec LegacyJacksonJson
2017-12-21 16:25:39.227 [Test worker] INFO  c.n.discovery.provider.DiscoveryJerseyProvider - Using JSON decoding codec LegacyJacksonJson
2017-12-21 16:25:39.227 [Test worker] INFO  c.n.discovery.provider.DiscoveryJerseyProvider - Using XML encoding codec XStreamXml
2017-12-21 16:25:39.227 [Test worker] INFO  c.n.discovery.provider.DiscoveryJerseyProvider - Using XML decoding codec XStreamXml
2017-12-21 16:25:39.351 [Test worker] INFO  c.n.d.shared.resolver.aws.ConfigClusterResolver - Resolving eureka endpoints via configuration
2017-12-21 16:25:39.355 [Test worker] INFO  com.netflix.discovery.DiscoveryClient - Disable delta property : false
2017-12-21 16:25:39.357 [Test worker] INFO  com.netflix.discovery.DiscoveryClient - Single vip registry refresh property : null
2017-12-21 16:25:39.358 [Test worker] INFO  com.netflix.discovery.DiscoveryClient - Force full registry fetch : false
2017-12-21 16:25:39.360 [Test worker] INFO  com.netflix.discovery.DiscoveryClient - Application is null : false
2017-12-21 16:25:39.361 [Test worker] INFO  com.netflix.discovery.DiscoveryClient - Registered Applications size is zero : true
2017-12-21 16:25:39.362 [Test worker] INFO  com.netflix.discovery.DiscoveryClient - Application version is -1: true
2017-12-21 16:25:39.363 [Test worker] INFO  com.netflix.discovery.DiscoveryClient - Getting all instance registry info from the eureka server
2017-12-21 16:25:39.377 [Test worker] INFO  com.netflix.discovery.DiscoveryClient - The response status is 200
2017-12-21 16:25:39.378 [Test worker] INFO  com.netflix.discovery.DiscoveryClient - Starting heartbeat executor: renew interval is: 10
2017-12-21 16:25:39.384 [Test worker] INFO  com.netflix.discovery.InstanceInfoReplicator - InstanceInfoReplicator onDemand update allowed rate per min is 4
2017-12-21 16:25:39.387 [Test worker] INFO  com.netflix.discovery.DiscoveryClient - Discovery Client initialized at timestamp 1513844739387 with initial instances count: 7
2017-12-21 16:25:39.455 [Test worker] INFO  o.s.c.n.e.serviceregistry.EurekaServiceRegistry - Registering application cop-console with eureka with status UP
2017-12-21 16:25:39.458 [Test worker] INFO  com.netflix.discovery.DiscoveryClient - Saw local status change event StatusChangeEvent [timestamp=1513844739458, current=UP, previous=STARTING]
2017-12-21 16:25:39.467 [Test worker] INFO  o.s.context.support.DefaultLifecycleProcessor - Starting beans in phase 2147483647
2017-12-21 16:25:39.467 [Test worker] INFO  o.s.m.simp.broker.SimpleBrokerMessageHandler - Starting...
2017-12-21 16:25:39.473 [Test worker] INFO  o.s.m.simp.broker.SimpleBrokerMessageHandler - BrokerAvailabilityEvent[available=true, SimpleBrokerMessageHandler [DefaultSubscriptionRegistry[cache[0 destination(s)], registry[0 sessions]]]]
2017-12-21 16:25:39.476 [Test worker] INFO  o.s.m.simp.broker.SimpleBrokerMessageHandler - Started.
2017-12-21 16:25:39.544 [Test worker] INFO  com.csky.iot.web.AliyunDeviceServiceTest - Started AliyunDeviceServiceTest in 33.205 seconds (JVM running for 38.149)
2017-12-21 16:25:39.648 [DiscoveryClient-InstanceInfoReplicator-0] INFO  o.s.c.c.client.ConfigServicePropertySourceLocator - Fetching config from server at: http://192.168.168.23:8888/
2017-12-21 16:25:39.956 [copConsoleExecutor-1] INFO  com.csky.iot.utils.httpclient.HttpClientUtil - 请求地址：http://api.heclouds.com/nbiot
2017-12-21 16:25:39.961 [copConsoleExecutor-1] INFO  com.csky.iot.utils.httpclient.HttpClientUtil - 请求参数：imei=imei&obj_id=3303&obj_inst_id=0&res_id=1
2017-12-21 16:25:40.085 [copConsoleExecutor-1] INFO  com.csky.iot.utils.httpclient.HttpClientUtil - {"errno":3,"error":"auth failed"}
2017-12-21 16:25:40.211 [DiscoveryClient-InstanceInfoReplicator-0] INFO  o.s.c.c.client.ConfigServicePropertySourceLocator - Located environment: name=cop-console, profiles=[dev], label=v1.0.4, version=94fc038a8804722422686e515f3c024cce37ad37, state=null
2017-12-21 16:25:40.221 [DiscoveryClient-InstanceInfoReplicator-0] INFO  com.netflix.discovery.DiscoveryClient - DiscoveryClient_COP-CONSOLE/DESKTOP-VG0BHG9:cop-console:5050: registering service...
2017-12-21 16:25:40.317 [Test worker] INFO  o.s.b.test.mock.web.SpringBootMockServletContext - Initializing Spring FrameworkServlet ''
2017-12-21 16:25:40.317 [Test worker] INFO  o.s.test.web.servlet.TestDispatcherServlet - FrameworkServlet '': initialization started
2017-12-21 16:25:40.327 [DiscoveryClient-InstanceInfoReplicator-0] INFO  com.netflix.discovery.DiscoveryClient - DiscoveryClient_COP-CONSOLE/DESKTOP-VG0BHG9:cop-console:5050 - registration status: 204
2017-12-21 16:25:40.379 [Test worker] INFO  o.s.test.web.servlet.TestDispatcherServlet - FrameworkServlet '': initialization completed in 61 ms
2017-12-21 16:25:40.420 [Test worker] INFO  o.s.b.test.mock.web.SpringBootMockServletContext - Initializing Spring FrameworkServlet ''
2017-12-21 16:25:40.421 [Test worker] INFO  o.s.test.web.servlet.TestDispatcherServlet - FrameworkServlet '': initialization started
2017-12-21 16:25:40.430 [Test worker] INFO  o.s.test.web.servlet.TestDispatcherServlet - FrameworkServlet '': initialization completed in 9 ms
2017-12-21 16:25:40.440 [Test worker] INFO  c.csky.iot.console.service.AliyunDeviceServiceImpl - [c97d0fe3044000004231b07c2ebae1f6@aliyun_iot] Device is online
2017-12-21 16:25:40.454 [Test worker] INFO  o.s.b.test.mock.web.SpringBootMockServletContext - Initializing Spring FrameworkServlet ''
2017-12-21 16:25:40.454 [Test worker] INFO  o.s.test.web.servlet.TestDispatcherServlet - FrameworkServlet '': initialization started
2017-12-21 16:25:40.455 [copConsoleExecutor-1] INFO  com.csky.iot.console.manager.OnenetManagerImpl - [@onenet_iot]auth failed
2017-12-21 16:25:40.458 [copConsoleExecutor-1] INFO  com.csky.iot.utils.WebsocketUtil - Publishing websocket /topic/c97d0fe3044000004231b07c2ebae1f6 begins
2017-12-21 16:25:40.466 [Test worker] INFO  o.s.test.web.servlet.TestDispatcherServlet - FrameworkServlet '': initialization completed in 11 ms
2017-12-21 16:25:40.471 [Test worker] INFO  c.csky.iot.console.service.AliyunDeviceServiceImpl - [c97d0fe3044000004231b07c2ebae1f6@aliyun_iot] Device is online
2017-12-21 16:25:40.471 [Test worker] INFO  c.csky.iot.console.service.AliyunDeviceServiceImpl - [c97d0fe3044000004231b07c2ebae1f6@aliyun_iot] Device is offline
2017-12-21 16:25:40.472 [Test worker] INFO  c.csky.iot.console.service.AliyunDeviceServiceImpl - [c97d0fe3044000004231b07c2ebae1f6@aliyun_iot]] Device is released
2017-12-21 16:25:40.486 [Test worker] INFO  o.s.b.test.mock.web.SpringBootMockServletContext - Initializing Spring FrameworkServlet ''
2017-12-21 16:25:40.487 [Test worker] INFO  o.s.test.web.servlet.TestDispatcherServlet - FrameworkServlet '': initialization started
2017-12-21 16:25:40.496 [Test worker] INFO  o.s.test.web.servlet.TestDispatcherServlet - FrameworkServlet '': initialization completed in 9 ms
2017-12-21 16:25:40.512 [Test worker] INFO  o.s.b.test.mock.web.SpringBootMockServletContext - Initializing Spring FrameworkServlet ''
2017-12-21 16:25:40.513 [Test worker] INFO  o.s.test.web.servlet.TestDispatcherServlet - FrameworkServlet '': initialization started
2017-12-21 16:25:40.523 [Test worker] INFO  o.s.test.web.servlet.TestDispatcherServlet - FrameworkServlet '': initialization completed in 10 ms
2017-12-21 16:25:40.527 [Test worker] INFO  c.csky.iot.console.service.AliyunDeviceServiceImpl - [c97d0fe3044000004231b07c2ebae1f6@aliyun_iot] Device is online
2017-12-21 16:25:40.540 [Test worker] INFO  o.s.b.test.mock.web.SpringBootMockServletContext - Initializing Spring FrameworkServlet ''
2017-12-21 16:25:40.541 [Test worker] INFO  o.s.test.web.servlet.TestDispatcherServlet - FrameworkServlet '': initialization started
2017-12-21 16:25:40.551 [Test worker] INFO  o.s.test.web.servlet.TestDispatcherServlet - FrameworkServlet '': initialization completed in 10 ms
2017-12-21 16:25:40.609 [Test worker] INFO  c.csky.iot.console.service.AliyunDeviceServiceImpl - [c97d0fe3044000004231b07c2ebae1f6@aliyun_iot]] Device is released
2017-12-21 16:25:40.631 [Test worker] INFO  o.s.b.test.mock.web.SpringBootMockServletContext - Initializing Spring FrameworkServlet ''
2017-12-21 16:25:40.632 [Test worker] INFO  o.s.test.web.servlet.TestDispatcherServlet - FrameworkServlet '': initialization started
2017-12-21 16:25:40.636 [copConsoleExecutor-1] INFO  com.csky.iot.utils.WebsocketUtil - Publishing websocket /topic/c97d0fe3044000004231b07c2ebae1f6 ends
2017-12-21 16:25:40.665 [copConsoleExecutor-1] INFO  com.csky.iot.utils.httpclient.HttpClientUtil - 请求地址：http://api.heclouds.com/nbiot
2017-12-21 16:25:40.665 [copConsoleExecutor-1] INFO  com.csky.iot.utils.httpclient.HttpClientUtil - 请求参数：imei=imei&obj_id=3303&obj_inst_id=0&res_id=1
2017-12-21 16:25:40.669 [Test worker] INFO  o.s.test.web.servlet.TestDispatcherServlet - FrameworkServlet '': initialization completed in 36 ms
2017-12-21 16:25:40.686 [Test worker] INFO  c.csky.iot.console.service.AliyunDeviceServiceImpl - aliyunDeviceShadow { accessKey: LTAIkz2Iw6Dj5ZEP, dpMqG6Y1zmCUwvnIB9mHMbLY61c7ZK, endPoint: https://1055699048151813.mns.cn-shanghai.aliyuncs.com/, productKey: Gr7jIhThNdm }
2017-12-21 16:25:40.692 [Test worker] INFO  c.csky.iot.console.service.AliyunDeviceServiceImpl - [c97d0fe3044000004231b07c2ebae1f6@aliyun_iot] Device is enabled
2017-12-21 16:25:40.692 [Test worker] INFO  c.csky.iot.console.service.AliyunDeviceServiceImpl - aliyunDeviceShadow { accessKey: LTAIkz2Iw6Dj5ZEP, dpMqG6Y1zmCUwvnIB9mHMbLY61c7ZK, endPoint: https://1055699048151813.mns.cn-shanghai.aliyuncs.com/, productKey: Gr7jIhThNdm }
2017-12-21 16:25:40.694 [Test worker] INFO  c.csky.iot.console.service.AliyunDeviceServiceImpl - [c97d0fe3044000004231b07c2ebae1f6@aliyun_iot] Device is already enabled
2017-12-21 16:25:40.700 [copConsoleExecutor-1] INFO  com.csky.iot.utils.httpclient.HttpClientUtil - {"errno":3,"error":"auth failed"}
2017-12-21 16:25:40.700 [copConsoleExecutor-1] INFO  com.csky.iot.console.manager.OnenetManagerImpl - [@onenet_iot]auth failed
2017-12-21 16:25:40.700 [copConsoleExecutor-1] INFO  com.csky.iot.utils.WebsocketUtil - Publishing websocket /topic/c97d0fe3044000004231b07c2ebae1f6 begins
2017-12-21 16:25:40.701 [copConsoleExecutor-1] INFO  com.csky.iot.utils.WebsocketUtil - Publishing websocket /topic/c97d0fe3044000004231b07c2ebae1f6 ends
2017-12-21 16:25:40.709 [Test worker] INFO  o.s.b.test.mock.web.SpringBootMockServletContext - Initializing Spring FrameworkServlet ''
2017-12-21 16:25:40.710 [Test worker] INFO  o.s.test.web.servlet.TestDispatcherServlet - FrameworkServlet '': initialization started
2017-12-21 16:25:40.720 [Test worker] INFO  o.s.test.web.servlet.TestDispatcherServlet - FrameworkServlet '': initialization completed in 8 ms
2017-12-21 16:25:40.789 [Test worker] INFO  o.s.b.test.mock.web.SpringBootMockServletContext - Initializing Spring FrameworkServlet ''
2017-12-21 16:25:40.790 [Test worker] INFO  o.s.test.web.servlet.TestDispatcherServlet - FrameworkServlet '': initialization started
2017-12-21 16:25:40.810 [Test worker] INFO  o.s.test.web.servlet.TestDispatcherServlet - FrameworkServlet '': initialization completed in 19 ms
2017-12-21 16:25:40.843 [Test worker] INFO  o.s.b.test.mock.web.SpringBootMockServletContext - Initializing Spring FrameworkServlet ''
2017-12-21 16:25:40.853 [Test worker] INFO  o.s.test.web.servlet.TestDispatcherServlet - FrameworkServlet '': initialization started
2017-12-21 16:25:40.868 [Test worker] INFO  o.s.test.web.servlet.TestDispatcherServlet - FrameworkServlet '': initialization completed in 14 ms
2017-12-21 16:25:40.907 [Test worker] INFO  o.s.b.test.mock.web.SpringBootMockServletContext - Initializing Spring FrameworkServlet ''
2017-12-21 16:25:40.914 [Test worker] INFO  o.s.test.web.servlet.TestDispatcherServlet - FrameworkServlet '': initialization started
2017-12-21 16:25:40.925 [Test worker] INFO  o.s.test.web.servlet.TestDispatcherServlet - FrameworkServlet '': initialization completed in 10 ms
2017-12-21 16:25:40.944 [Test worker] INFO  o.s.b.test.mock.web.SpringBootMockServletContext - Initializing Spring FrameworkServlet ''
2017-12-21 16:25:40.944 [Test worker] INFO  o.s.test.web.servlet.TestDispatcherServlet - FrameworkServlet '': initialization started
2017-12-21 16:25:40.957 [Test worker] INFO  o.s.test.web.servlet.TestDispatcherServlet - FrameworkServlet '': initialization completed in 11 ms
2017-12-21 16:25:40.976 [Test worker] INFO  o.s.b.test.mock.web.SpringBootMockServletContext - Initializing Spring FrameworkServlet ''
2017-12-21 16:25:40.978 [Test worker] INFO  o.s.test.web.servlet.TestDispatcherServlet - FrameworkServlet '': initialization started
2017-12-21 16:25:40.992 [Test worker] INFO  o.s.test.web.servlet.TestDispatcherServlet - FrameworkServlet '': initialization completed in 12 ms
2017-12-21 16:25:41.129 [Test worker] INFO  o.s.b.test.mock.web.SpringBootMockServletContext - Initializing Spring FrameworkServlet ''
2017-12-21 16:25:41.136 [Test worker] INFO  o.s.test.web.servlet.TestDispatcherServlet - FrameworkServlet '': initialization started
2017-12-21 16:25:41.151 [Test worker] INFO  o.s.test.web.servlet.TestDispatcherServlet - FrameworkServlet '': initialization completed in 12 ms
2017-12-21 16:25:41.195 [Test worker] INFO  o.s.b.test.mock.web.SpringBootMockServletContext - Initializing Spring FrameworkServlet ''
2017-12-21 16:25:41.196 [Test worker] INFO  o.s.test.web.servlet.TestDispatcherServlet - FrameworkServlet '': initialization started
2017-12-21 16:25:41.210 [Test worker] INFO  o.s.test.web.servlet.TestDispatcherServlet - FrameworkServlet '': initialization completed in 12 ms
2017-12-21 16:25:41.254 [Test worker] INFO  o.s.b.test.mock.web.SpringBootMockServletContext - Initializing Spring FrameworkServlet ''
2017-12-21 16:25:41.275 [Test worker] INFO  o.s.test.web.servlet.TestDispatcherServlet - FrameworkServlet '': initialization started
2017-12-21 16:25:41.295 [Test worker] INFO  o.s.test.web.servlet.TestDispatcherServlet - FrameworkServlet '': initialization completed in 19 ms
2017-12-21 16:25:41.300 [Test worker] INFO  c.csky.iot.console.service.AliyunDeviceServiceImpl - aliyunDeviceShadow { accessKey: LTAIkz2Iw6Dj5ZEP, dpMqG6Y1zmCUwvnIB9mHMbLY61c7ZK, endPoint: https://1055699048151813.mns.cn-shanghai.aliyuncs.com/, productKey: Gr7jIhThNdm }
]]></system-out>
  <system-err><![CDATA[]]></system-err>
</testsuite>
