<?xml version="1.0" encoding="UTF-8"?>
<testsuite name="com.csky.iot.web.OneNetServiceTest" tests="7" skipped="0" failures="0" errors="0" timestamp="2017-12-21T08:25:42" hostname="DESKTOP-VG0BHG9" time="0.173">
  <properties/>
  <testcase name="pubMessageTest1" classname="com.csky.iot.web.OneNetServiceTest" time="0.037"/>
  <testcase name="enableOnenetDeviceTest1" classname="com.csky.iot.web.OneNetServiceTest" time="0.02"/>
  <testcase name="enableOnenetDeviceTest2" classname="com.csky.iot.web.OneNetServiceTest" time="0.022"/>
  <testcase name="enableOnenetDeviceTest3" classname="com.csky.iot.web.OneNetServiceTest" time="0.015"/>
  <testcase name="enableOnenetDeviceTest4" classname="com.csky.iot.web.OneNetServiceTest" time="0.017"/>
  <testcase name="enableOnenetDeviceTest5" classname="com.csky.iot.web.OneNetServiceTest" time="0.024"/>
  <testcase name="disableOnenetDeviceTest1" classname="com.csky.iot.web.OneNetServiceTest" time="0.022"/>
  <system-out><![CDATA[2017-12-21 16:25:42.316 [Test worker] INFO  o.s.b.t.context.SpringBootTestContextBootstrapper - Neither @ContextConfiguration nor @ContextHierarchy found for test class [com.csky.iot.web.OneNetServiceTest], using SpringBootContextLoader
2017-12-21 16:25:42.318 [Test worker] INFO  o.s.test.context.support.AbstractContextLoader - Could not detect default resource locations for test class [com.csky.iot.web.OneNetServiceTest]: no resource found for suffixes {-context.xml, Context.groovy}.
2017-12-21 16:25:42.337 [Test worker] INFO  o.s.b.t.context.SpringBootTestContextBootstrapper - Loaded default TestExecutionListener class names from location [META-INF/spring.factories]: [org.springframework.test.context.web.ServletTestExecutionListener, org.springframework.test.context.support.DirtiesContextBeforeModesTestExecutionListener, org.springframework.test.context.support.DependencyInjectionTestExecutionListener, org.springframework.test.context.support.DirtiesContextTestExecutionListener, org.springframework.test.context.transaction.TransactionalTestExecutionListener, org.springframework.test.context.jdbc.SqlScriptsTestExecutionListener, org.springframework.boot.test.autoconfigure.restdocs.RestDocsTestExecutionListener, org.springframework.boot.test.autoconfigure.web.client.MockRestServiceServerResetTestExecutionListener, org.springframework.boot.test.autoconfigure.web.servlet.MockMvcPrintOnlyOnFailureTestExecutionListener, org.springframework.boot.test.autoconfigure.web.servlet.WebDriverTestExecutionListener, org.springframework.boot.test.mock.mockito.MockitoTestExecutionListener, org.springframework.boot.test.mock.mockito.ResetMocksTestExecutionListener]
2017-12-21 16:25:42.345 [Test worker] INFO  o.s.b.t.context.SpringBootTestContextBootstrapper - Using TestExecutionListeners: [org.springframework.test.context.web.ServletTestExecutionListener@50ddac6c, org.springframework.test.context.support.DirtiesContextBeforeModesTestExecutionListener@23a2faa4, org.springframework.boot.test.autoconfigure.SpringBootDependencyInjectionTestExecutionListener@4cf89ffb, org.springframework.test.context.support.DirtiesContextTestExecutionListener@7eafbd23, org.springframework.test.context.transaction.TransactionalTestExecutionListener@43acc056, org.springframework.test.context.jdbc.SqlScriptsTestExecutionListener@776f755d, org.springframework.boot.test.autoconfigure.web.servlet.WebDriverTestExecutionListener@7fe03b0c, org.springframework.boot.test.autoconfigure.restdocs.RestDocsTestExecutionListener@7ca5c776, org.springframework.boot.test.mock.mockito.ResetMocksTestExecutionListener@59ae06c4, org.springframework.boot.test.autoconfigure.web.servlet.MockMvcPrintOnlyOnFailureTestExecutionListener@55675531, org.springframework.boot.test.mock.mockito.MockitoTestExecutionListener@2ba13cca, org.springframework.boot.test.autoconfigure.web.client.MockRestServiceServerResetTestExecutionListener@79edc0bf]
2017-12-21 16:25:42.580 [Test worker] INFO  o.s.b.test.mock.web.SpringBootMockServletContext - Initializing Spring FrameworkServlet ''
2017-12-21 16:25:42.581 [Test worker] INFO  o.s.test.web.servlet.TestDispatcherServlet - FrameworkServlet '': initialization started
2017-12-21 16:25:42.596 [Test worker] INFO  o.s.test.web.servlet.TestDispatcherServlet - FrameworkServlet '': initialization completed in 13 ms
2017-12-21 16:25:42.597 [Test worker] INFO  c.csky.iot.console.service.OneNetDeviceServiceImpl - [@onenet_iot]Publishing onenet message begins
2017-12-21 16:25:42.604 [Test worker] INFO  c.csky.iot.console.service.OneNetDeviceServiceImpl - [@onenet_iot]Publishing onenet message begins
2017-12-21 16:25:42.618 [Test worker] INFO  o.s.b.test.mock.web.SpringBootMockServletContext - Initializing Spring FrameworkServlet ''
2017-12-21 16:25:42.619 [Test worker] INFO  o.s.test.web.servlet.TestDispatcherServlet - FrameworkServlet '': initialization started
2017-12-21 16:25:42.628 [Test worker] INFO  o.s.test.web.servlet.TestDispatcherServlet - FrameworkServlet '': initialization completed in 9 ms
2017-12-21 16:25:42.642 [Test worker] INFO  o.s.b.test.mock.web.SpringBootMockServletContext - Initializing Spring FrameworkServlet ''
2017-12-21 16:25:42.642 [Test worker] INFO  o.s.test.web.servlet.TestDispatcherServlet - FrameworkServlet '': initialization started
2017-12-21 16:25:42.653 [Test worker] INFO  o.s.test.web.servlet.TestDispatcherServlet - FrameworkServlet '': initialization completed in 9 ms
2017-12-21 16:25:42.666 [Test worker] INFO  o.s.b.test.mock.web.SpringBootMockServletContext - Initializing Spring FrameworkServlet ''
2017-12-21 16:25:42.666 [Test worker] INFO  o.s.test.web.servlet.TestDispatcherServlet - FrameworkServlet '': initialization started
2017-12-21 16:25:42.672 [Test worker] INFO  o.s.test.web.servlet.TestDispatcherServlet - FrameworkServlet '': initialization completed in 6 ms
2017-12-21 16:25:42.683 [Test worker] INFO  o.s.b.test.mock.web.SpringBootMockServletContext - Initializing Spring FrameworkServlet ''
2017-12-21 16:25:42.684 [Test worker] INFO  o.s.test.web.servlet.TestDispatcherServlet - FrameworkServlet '': initialization started
2017-12-21 16:25:42.691 [Test worker] INFO  o.s.test.web.servlet.TestDispatcherServlet - FrameworkServlet '': initialization completed in 7 ms
2017-12-21 16:25:42.701 [Test worker] INFO  o.s.b.test.mock.web.SpringBootMockServletContext - Initializing Spring FrameworkServlet ''
2017-12-21 16:25:42.702 [Test worker] INFO  o.s.test.web.servlet.TestDispatcherServlet - FrameworkServlet '': initialization started
2017-12-21 16:25:42.711 [Test worker] INFO  o.s.test.web.servlet.TestDispatcherServlet - FrameworkServlet '': initialization completed in 9 ms
2017-12-21 16:25:42.714 [Test worker] INFO  c.csky.iot.console.service.OneNetDeviceServiceImpl - [c97d0fe3044000004231b07c2ebae1f6@onenet_iot] Device is enabled
2017-12-21 16:25:42.718 [Test worker] INFO  c.csky.iot.console.service.OneNetDeviceServiceImpl - [c97d0fe3044000004231b07c2ebae1f6@onenet_iot] Device is already enabled
2017-12-21 16:25:42.730 [Test worker] INFO  o.s.b.test.mock.web.SpringBootMockServletContext - Initializing Spring FrameworkServlet ''
2017-12-21 16:25:42.730 [Test worker] INFO  o.s.test.web.servlet.TestDispatcherServlet - FrameworkServlet '': initialization started
2017-12-21 16:25:42.740 [Test worker] INFO  o.s.test.web.servlet.TestDispatcherServlet - FrameworkServlet '': initialization completed in 10 ms
2017-12-21 16:25:42.742 [Test worker] INFO  c.csky.iot.console.service.OneNetDeviceServiceImpl - [c97d0fe3044000004231b07c2ebae1f6@onenet_iot]] Device is released
]]></system-out>
  <system-err><![CDATA[]]></system-err>
</testsuite>
