<?xml version="1.0" encoding="UTF-8"?>
<testsuite name="com.csky.iot.web.ConsoleControllerTest" tests="4" skipped="0" failures="0" errors="0" timestamp="2017-12-21T08:25:41" hostname="DESKTOP-VG0BHG9" time="0.207">
  <properties/>
  <testcase name="sendMessageTest1" classname="com.csky.iot.web.ConsoleControllerTest" time="0.043"/>
  <testcase name="sendMessageTest2" classname="com.csky.iot.web.ConsoleControllerTest" time="0.04"/>
  <testcase name="devEnableTest1" classname="com.csky.iot.web.ConsoleControllerTest" time="0.057"/>
  <testcase name="devEnableTest2" classname="com.csky.iot.web.ConsoleControllerTest" time="0.037"/>
  <system-out><![CDATA[2017-12-21 16:25:41.433 [Test worker] INFO  o.s.b.t.context.SpringBootTestContextBootstrapper - Neither @ContextConfiguration nor @ContextHierarchy found for test class [com.csky.iot.web.ConsoleControllerTest], using SpringBootContextLoader
2017-12-21 16:25:41.436 [Test worker] INFO  o.s.test.context.support.AbstractContextLoader - Could not detect default resource locations for test class [com.csky.iot.web.ConsoleControllerTest]: no resource found for suffixes {-context.xml, Context.groovy}.
2017-12-21 16:25:41.496 [Test worker] INFO  o.s.b.t.context.SpringBootTestContextBootstrapper - Loaded default TestExecutionListener class names from location [META-INF/spring.factories]: [org.springframework.test.context.web.ServletTestExecutionListener, org.springframework.test.context.support.DirtiesContextBeforeModesTestExecutionListener, org.springframework.test.context.support.DependencyInjectionTestExecutionListener, org.springframework.test.context.support.DirtiesContextTestExecutionListener, org.springframework.test.context.transaction.TransactionalTestExecutionListener, org.springframework.test.context.jdbc.SqlScriptsTestExecutionListener, org.springframework.boot.test.autoconfigure.restdocs.RestDocsTestExecutionListener, org.springframework.boot.test.autoconfigure.web.client.MockRestServiceServerResetTestExecutionListener, org.springframework.boot.test.autoconfigure.web.servlet.MockMvcPrintOnlyOnFailureTestExecutionListener, org.springframework.boot.test.autoconfigure.web.servlet.WebDriverTestExecutionListener, org.springframework.boot.test.mock.mockito.MockitoTestExecutionListener, org.springframework.boot.test.mock.mockito.ResetMocksTestExecutionListener]
2017-12-21 16:25:41.501 [Test worker] INFO  o.s.b.t.context.SpringBootTestContextBootstrapper - Using TestExecutionListeners: [org.springframework.test.context.web.ServletTestExecutionListener@5848f427, org.springframework.test.context.support.DirtiesContextBeforeModesTestExecutionListener@6612c35e, org.springframework.boot.test.autoconfigure.SpringBootDependencyInjectionTestExecutionListener@6fb0c57c, org.springframework.test.context.support.DirtiesContextTestExecutionListener@1a9f8231, org.springframework.test.context.transaction.TransactionalTestExecutionListener@5e9a489, org.springframework.test.context.jdbc.SqlScriptsTestExecutionListener@75918f59, org.springframework.boot.test.autoconfigure.web.servlet.WebDriverTestExecutionListener@1c632fb2, org.springframework.boot.test.autoconfigure.restdocs.RestDocsTestExecutionListener@7a0bb805, org.springframework.boot.test.mock.mockito.ResetMocksTestExecutionListener@320e9621, org.springframework.boot.test.autoconfigure.web.servlet.MockMvcPrintOnlyOnFailureTestExecutionListener@4b9c2c7e, org.springframework.boot.test.mock.mockito.MockitoTestExecutionListener@4e079400, org.springframework.boot.test.autoconfigure.web.client.MockRestServiceServerResetTestExecutionListener@69ebc655]
2017-12-21 16:25:41.578 [Test worker] INFO  o.s.b.test.mock.web.SpringBootMockServletContext - Initializing Spring FrameworkServlet ''
2017-12-21 16:25:41.580 [Test worker] INFO  o.s.test.web.servlet.TestDispatcherServlet - FrameworkServlet '': initialization started
2017-12-21 16:25:41.595 [Test worker] INFO  o.s.test.web.servlet.TestDispatcherServlet - FrameworkServlet '': initialization completed in 14 ms
2017-12-21 16:25:41.601 [Test worker] INFO  com.csky.iot.console.web.ConsoleController - [c97d0fe3044000004231b07c2ebae1f6] Sending message begins
2017-12-21 16:25:41.606 [Test worker] ERROR com.csky.iot.console.web.ConsoleController - error
2017-12-21 16:25:41.642 [Test worker] INFO  o.s.b.test.mock.web.SpringBootMockServletContext - Initializing Spring FrameworkServlet ''
2017-12-21 16:25:41.643 [Test worker] INFO  o.s.test.web.servlet.TestDispatcherServlet - FrameworkServlet '': initialization started
2017-12-21 16:25:41.656 [Test worker] INFO  o.s.test.web.servlet.TestDispatcherServlet - FrameworkServlet '': initialization completed in 10 ms
2017-12-21 16:25:41.658 [Test worker] INFO  com.csky.iot.console.web.ConsoleController - [c97d0fe3044000004231b07c2ebae1f6] Sending message begins
2017-12-21 16:25:41.661 [Test worker] INFO  com.csky.iot.console.web.ConsoleController - [c97d0fe3044000004231b07c2ebae1f6]Sending message ends
2017-12-21 16:25:41.697 [Test worker] INFO  o.s.b.test.mock.web.SpringBootMockServletContext - Initializing Spring FrameworkServlet ''
2017-12-21 16:25:41.697 [Test worker] INFO  o.s.test.web.servlet.TestDispatcherServlet - FrameworkServlet '': initialization started
2017-12-21 16:25:41.711 [copConsoleExecutor-2] INFO  com.csky.iot.utils.httpclient.HttpClientUtil - 请求地址：http://api.heclouds.com/nbiot
2017-12-21 16:25:41.711 [copConsoleExecutor-2] INFO  com.csky.iot.utils.httpclient.HttpClientUtil - 请求参数：imei=imei&obj_id=3303&obj_inst_id=0&res_id=1
2017-12-21 16:25:41.725 [Test worker] INFO  o.s.test.web.servlet.TestDispatcherServlet - FrameworkServlet '': initialization completed in 28 ms
2017-12-21 16:25:41.727 [Test worker] INFO  com.csky.iot.console.web.ConsoleController - [c97d0fe3044000004231b07c2ebae1f6] DevEnable Request begins
2017-12-21 16:25:41.728 [Test worker] ERROR com.csky.iot.console.web.ConsoleController - enableMnsQueue failed
2017-12-21 16:25:41.750 [Test worker] INFO  o.s.b.test.mock.web.SpringBootMockServletContext - Initializing Spring FrameworkServlet ''
2017-12-21 16:25:41.751 [Test worker] INFO  o.s.test.web.servlet.TestDispatcherServlet - FrameworkServlet '': initialization started
2017-12-21 16:25:41.754 [copConsoleExecutor-2] INFO  com.csky.iot.utils.httpclient.HttpClientUtil - {"errno":3,"error":"auth failed"}
2017-12-21 16:25:41.754 [copConsoleExecutor-2] INFO  com.csky.iot.console.manager.OnenetManagerImpl - [@onenet_iot]auth failed
2017-12-21 16:25:41.754 [copConsoleExecutor-2] INFO  com.csky.iot.utils.WebsocketUtil - Publishing websocket /topic/c97d0fe3044000004231b07c2ebae1f6 begins
2017-12-21 16:25:41.759 [copConsoleExecutor-2] INFO  com.csky.iot.utils.WebsocketUtil - Publishing websocket /topic/c97d0fe3044000004231b07c2ebae1f6 ends
2017-12-21 16:25:41.770 [Test worker] INFO  o.s.test.web.servlet.TestDispatcherServlet - FrameworkServlet '': initialization completed in 19 ms
2017-12-21 16:25:41.772 [Test worker] INFO  com.csky.iot.console.web.ConsoleController - [c97d0fe3044000004231b07c2ebae1f6] DevEnable Request begins
2017-12-21 16:25:41.772 [Test worker] INFO  com.csky.iot.console.web.ConsoleController - [c97d0fe3044000004231b07c2ebae1f6] DevEnable request ends
]]></system-out>
  <system-err><![CDATA[]]></system-err>
</testsuite>
